<?xml version="1.0" encoding="UTF-8"?>
<!-- Generated by org.testng.reporters.JUnitXMLReporter -->
<testsuite hostname="Rajesh-MacBook-Pro.local" ignored="0" name="Functional_Test" tests="3" failures="0" timestamp="30 Jul 2021 02:37:39 GMT" time="10.395" errors="0">
  <testcase name="loginToMercuryTours" time="5.753" classname="com.demoaut.newtours.testcases.AutomatedTest"/>
  <testcase name="findFlightTest" time="0.761" classname="com.demoaut.newtours.testcases.AutomatedTest"/>
  <testcase name="selectFlightTest" time="0.714" classname="com.demoaut.newtours.testcases.AutomatedTest"/>
</testsuite> <!-- Functional_Test -->
